# JRE version: OpenJDK Runtime Environment (8.0_152-b02) (build 1.8.0_152-release-1024-b02)
# Java VM: OpenJDK 64-Bit Server VM (25.152-b02 mixed mode windows-amd64 compressed oops)
Heap:
 PSYoungGen      total 375296K, used 352813K [0x00000000e0000000, 0x00000000f9300000, 0x0000000100000000)
  eden space 363520K, 95% used [0x00000000e0000000,0x00000000f52def88,0x00000000f6300000)
  from space 11776K, 49% used [0x00000000f8780000,0x00000000f8d2c720,0x00000000f9300000)
  to   space 24576K, 0% used [0x00000000f6300000,0x00000000f6300000,0x00000000f7b00000)
 ParOldGen       total 111104K, used 43125K [0x00000000a0000000, 0x00000000a6c80000, 0x00000000e0000000)
  object space 111104K, 38% used [0x00000000a0000000,0x00000000a2a1d7e0,0x00000000a6c80000)
 Metaspace       used 65013K, capacity 67857K, committed 68096K, reserved 1107968K
  class space    used 8549K, capacity 9136K, committed 9216K, reserved 1048576K
GC Heap History (10 events):
Event: 18.449 GC heap before
{Heap before GC invocations=11 (full 2):
 PSYoungGen      total 225280K, used 225279K [0x00000000e0000000, 0x00000000ef280000, 0x0000000100000000)
  eden space 212480K, 100% used [0x00000000e0000000,0x00000000ecf80000,0x00000000ecf80000)
  from space 12800K, 99% used [0x00000000ede80000,0x00000000eeaffe60,0x00000000eeb00000)
  to   space 15360K, 0% used [0x00000000ecf80000,0x00000000ecf80000,0x00000000ede80000)
 ParOldGen       total 74240K, used 20841K [0x00000000a0000000, 0x00000000a4880000, 0x00000000e0000000)
  object space 74240K, 28% used [0x00000000a0000000,0x00000000a145a528,0x00000000a4880000)
 Metaspace       used 55287K, capacity 57100K, committed 57216K, reserved 1097728K
  class space    used 7596K, capacity 8049K, committed 8064K, reserved 1048576K
Event: 18.525 GC heap after
Heap after GC invocations=11 (full 2):
 PSYoungGen      total 227840K, used 15358K [0x00000000e0000000, 0x00000000f4a00000, 0x0000000100000000)
  eden space 212480K, 0% used [0x00000000e0000000,0x00000000e0000000,0x00000000ecf80000)
  from space 15360K, 99% used [0x00000000ecf80000,0x00000000ede7fbd8,0x00000000ede80000)
  to   space 23040K, 0% used [0x00000000f3380000,0x00000000f3380000,0x00000000f4a00000)
 ParOldGen       total 74240K, used 35001K [0x00000000a0000000, 0x00000000a4880000, 0x00000000e0000000)
  object space 74240K, 47% used [0x00000000a0000000,0x00000000a222e5a0,0x00000000a4880000)
 Metaspace       used 55287K, capacity 57100K, committed 57216K, reserved 1097728K
  class space    used 7596K, capacity 8049K, committed 8064K, reserved 1048576K
}
Event: 20.062 GC heap before
{Heap before GC invocations=12 (full 2):
 PSYoungGen      total 227840K, used 100099K [0x00000000e0000000, 0x00000000f4a00000, 0x0000000100000000)
  eden space 212480K, 39% used [0x00000000e0000000,0x00000000e52c1268,0x00000000ecf80000)
  from space 15360K, 99% used [0x00000000ecf80000,0x00000000ede7fbd8,0x00000000ede80000)
  to   space 23040K, 0% used [0x00000000f3380000,0x00000000f3380000,0x00000000f4a00000)
 ParOldGen       total 74240K, used 35001K [0x00000000a0000000, 0x00000000a4880000, 0x00000000e0000000)
  object space 74240K, 47% used [0x00000000a0000000,0x00000000a222e5a0,0x00000000a4880000)
 Metaspace       used 57140K, capacity 58959K, committed 59028K, reserved 1099776K
  class space    used 7770K, capacity 8192K, committed 8192K, reserved 1048576K
Event: 20.097 GC heap after
Heap after GC invocations=12 (full 2):
 PSYoungGen      total 307712K, used 10847K [0x00000000e0000000, 0x00000000f4580000, 0x0000000100000000)
  eden space 289280K, 0% used [0x00000000e0000000,0x00000000e0000000,0x00000000f1a80000)
  from space 18432K, 58% used [0x00000000f3380000,0x00000000f3e17ca8,0x00000000f4580000)
  to   space 22016K, 0% used [0x00000000f1a80000,0x00000000f1a80000,0x00000000f3000000)
 ParOldGen       total 74240K, used 41713K [0x00000000a0000000, 0x00000000a4880000, 0x00000000e0000000)
  object space 74240K, 56% used [0x00000000a0000000,0x00000000a28bc4a8,0x00000000a4880000)
 Metaspace       used 57140K, capacity 58959K, committed 59028K, reserved 1099776K
  class space    used 7770K, capacity 8192K, committed 8192K, reserved 1048576K
}
Event: 20.098 GC heap before
{Heap before GC invocations=13 (full 3):
 PSYoungGen      total 307712K, used 10847K [0x00000000e0000000, 0x00000000f4580000, 0x0000000100000000)
  eden space 289280K, 0% used [0x00000000e0000000,0x00000000e0000000,0x00000000f1a80000)
  from space 18432K, 58% used [0x00000000f3380000,0x00000000f3e17ca8,0x00000000f4580000)
  to   space 22016K, 0% used [0x00000000f1a80000,0x00000000f1a80000,0x00000000f3000000)
 ParOldGen       total 74240K, used 41713K [0x00000000a0000000, 0x00000000a4880000, 0x00000000e0000000)
  object space 74240K, 56% used [0x00000000a0000000,0x00000000a28bc4a8,0x00000000a4880000)
 Metaspace       used 57140K, capacity 58959K, committed 59028K, reserved 1099776K
  class space    used 7770K, capacity 8192K, committed 8192K, reserved 1048576K
Event: 20.379 GC heap after
Heap after GC invocations=13 (full 3):
 PSYoungGen      total 307712K, used 0K [0x00000000e0000000, 0x00000000f4580000, 0x0000000100000000)
  eden space 289280K, 0% used [0x00000000e0000000,0x00000000e0000000,0x00000000f1a80000)
  from space 18432K, 0% used [0x00000000f3380000,0x00000000f3380000,0x00000000f4580000)
  to   space 22016K, 0% used [0x00000000f1a80000,0x00000000f1a80000,0x00000000f3000000)
 ParOldGen       total 111104K, used 37673K [0x00000000a0000000, 0x00000000a6c80000, 0x00000000e0000000)
  object space 111104K, 33% used [0x00000000a0000000,0x00000000a24ca520,0x00000000a6c80000)
 Metaspace       used 57140K, capacity 58959K, committed 59028K, reserved 1099776K
  class space    used 7770K, capacity 8192K, committed 8192K, reserved 1048576K
}
Event: 252.239 GC heap before
{Heap before GC invocations=14 (full 3):
 PSYoungGen      total 307712K, used 289280K [0x00000000e0000000, 0x00000000f4580000, 0x0000000100000000)
  eden space 289280K, 100% used [0x00000000e0000000,0x00000000f1a80000,0x00000000f1a80000)
  from space 18432K, 0% used [0x00000000f3380000,0x00000000f3380000,0x00000000f4580000)
  to   space 22016K, 0% used [0x00000000f1a80000,0x00000000f1a80000,0x00000000f3000000)
 ParOldGen       total 111104K, used 37673K [0x00000000a0000000, 0x00000000a6c80000, 0x00000000e0000000)
  object space 111104K, 33% used [0x00000000a0000000,0x00000000a24ca520,0x00000000a6c80000)
 Metaspace       used 63484K, capacity 65909K, committed 66176K, reserved 1105920K
  class space    used 8477K, capacity 9020K, committed 9088K, reserved 1048576K
Event: 252.353 GC heap after
Heap after GC invocations=14 (full 3):
 PSYoungGen      total 311296K, used 21984K [0x00000000e0000000, 0x00000000fa000000, 0x0000000100000000)
  eden space 289280K, 0% used [0x00000000e0000000,0x00000000e0000000,0x00000000f1a80000)
  from space 22016K, 99% used [0x00000000f1a80000,0x00000000f2ff8350,0x00000000f3000000)
  to   space 25088K, 0% used [0x00000000f8780000,0x00000000f8780000,0x00000000fa000000)
 ParOldGen       total 111104K, used 38047K [0x00000000a0000000, 0x00000000a6c80000, 0x00000000e0000000)
  object space 111104K, 34% used [0x00000000a0000000,0x00000000a2527c80,0x00000000a6c80000)
 Metaspace       used 63484K, capacity 65909K, committed 66176K, reserved 1105920K
  class space    used 8477K, capacity 9020K, committed 9088K, reserved 1048576K
}
Event: 355.208 GC heap before
{Heap before GC invocations=15 (full 3):
 PSYoungGen      total 311296K, used 311264K [0x00000000e0000000, 0x00000000fa000000, 0x0000000100000000)
  eden space 289280K, 100% used [0x00000000e0000000,0x00000000f1a80000,0x00000000f1a80000)
  from space 22016K, 99% used [0x00000000f1a80000,0x00000000f2ff8350,0x00000000f3000000)
  to   space 25088K, 0% used [0x00000000f8780000,0x00000000f8780000,0x00000000fa000000)
 ParOldGen       total 111104K, used 38047K [0x00000000a0000000, 0x00000000a6c80000, 0x00000000e0000000)
  object space 111104K, 34% used [0x00000000a0000000,0x00000000a2527c80,0x00000000a6c80000)
 Metaspace       used 64184K, capacity 66849K, committed 66944K, reserved 1107968K
  class space    used 8511K, capacity 9078K, committed 9088K, reserved 1048576K
Event: 355.227 GC heap after
Heap after GC invocations=15 (full 3):
 PSYoungGen      total 375296K, used 5809K [0x00000000e0000000, 0x00000000f9300000, 0x0000000100000000)
  eden space 363520K, 0% used [0x00000000e0000000,0x00000000e0000000,0x00000000f6300000)
  from space 11776K, 49% used [0x00000000f8780000,0x00000000f8d2c720,0x00000000f9300000)
  to   space 24576K, 0% used [0x00000000f6300000,0x00000000f6300000,0x00000000f7b00000)
 ParOldGen       total 111104K, used 43125K [0x00000000a0000000, 0x00000000a6c80000, 0x00000000e0000000)
  object space 111104K, 38% used [0x00000000a0000000,0x00000000a2a1d7e0,0x00000000a6c80000)
 Metaspace       used 64184K, capacity 66849K, committed 66944K, reserved 1107968K
  class space    used 8511K, capacity 9078K, committed 9088K, reserved 1048576K
}

