# JRE version: OpenJDK Runtime Environment (8.0_152-b01) (build 1.8.0_152-release-915-b01)
# Java VM: OpenJDK 64-Bit Server VM (25.152-b01 mixed mode windows-amd64 compressed oops)
Heap:
 PSYoungGen      total 355840K, used 327956K [0x00000000e0000000, 0x00000000f8880000, 0x0000000100000000)
  eden space 334336K, 91% used [0x00000000e0000000,0x00000000f2b482f8,0x00000000f4680000)
  from space 21504K, 99% used [0x00000000f7380000,0x00000000f887ce48,0x00000000f8880000)
  to   space 28672K, 0% used [0x00000000f5080000,0x00000000f5080000,0x00000000f6c80000)
 ParOldGen       total 158208K, used 54201K [0x00000000a0000000, 0x00000000a9a80000, 0x00000000e0000000)
  object space 158208K, 34% used [0x00000000a0000000,0x00000000a34ee7e0,0x00000000a9a80000)
 Metaspace       used 74322K, capacity 81348K, committed 81536K, reserved 1118208K
  class space    used 10121K, capacity 11858K, committed 11904K, reserved 1048576K
GC Heap History (10 events):
Event: 119.997 GC heap before
{Heap before GC invocations=13 (full 3):
 PSYoungGen      total 269824K, used 245248K [0x00000000e0000000, 0x00000000f7e80000, 0x0000000100000000)
  eden space 245248K, 100% used [0x00000000e0000000,0x00000000eef80000,0x00000000eef80000)
  from space 24576K, 0% used [0x00000000eef80000,0x00000000eef80000,0x00000000f0780000)
  to   space 30208K, 0% used [0x00000000f6100000,0x00000000f6100000,0x00000000f7e80000)
 ParOldGen       total 158208K, used 53770K [0x00000000a0000000, 0x00000000a9a80000, 0x00000000e0000000)
  object space 158208K, 33% used [0x00000000a0000000,0x00000000a3482b30,0x00000000a9a80000)
 Metaspace       used 62339K, capacity 65492K, committed 65536K, reserved 1105920K
  class space    used 8375K, capacity 9206K, committed 9216K, reserved 1048576K
Event: 120.019 GC heap after
Heap after GC invocations=13 (full 3):
 PSYoungGen      total 313344K, used 10811K [0x00000000e0000000, 0x00000000f6c00000, 0x0000000100000000)
  eden space 302080K, 0% used [0x00000000e0000000,0x00000000e0000000,0x00000000f2700000)
  from space 11264K, 95% used [0x00000000f6100000,0x00000000f6b8ef58,0x00000000f6c00000)
  to   space 29184K, 0% used [0x00000000f3300000,0x00000000f3300000,0x00000000f4f80000)
 ParOldGen       total 158208K, used 53778K [0x00000000a0000000, 0x00000000a9a80000, 0x00000000e0000000)
  object space 158208K, 33% used [0x00000000a0000000,0x00000000a3484b30,0x00000000a9a80000)
 Metaspace       used 62339K, capacity 65492K, committed 65536K, reserved 1105920K
  class space    used 8375K, capacity 9206K, committed 9216K, reserved 1048576K
}
Event: 244.535 GC heap before
{Heap before GC invocations=14 (full 3):
 PSYoungGen      total 313344K, used 312891K [0x00000000e0000000, 0x00000000f6c00000, 0x0000000100000000)
  eden space 302080K, 100% used [0x00000000e0000000,0x00000000f2700000,0x00000000f2700000)
  from space 11264K, 95% used [0x00000000f6100000,0x00000000f6b8ef58,0x00000000f6c00000)
  to   space 29184K, 0% used [0x00000000f3300000,0x00000000f3300000,0x00000000f4f80000)
 ParOldGen       total 158208K, used 53778K [0x00000000a0000000, 0x00000000a9a80000, 0x00000000e0000000)
  object space 158208K, 33% used [0x00000000a0000000,0x00000000a3484b30,0x00000000a9a80000)
 Metaspace       used 67035K, capacity 71122K, committed 71296K, reserved 1110016K
  class space    used 9022K, capacity 10105K, committed 10112K, reserved 1048576K
Event: 244.570 GC heap after
Heap after GC invocations=14 (full 3):
 PSYoungGen      total 343552K, used 14250K [0x00000000e0000000, 0x00000000f9700000, 0x0000000100000000)
  eden space 314368K, 0% used [0x00000000e0000000,0x00000000e0000000,0x00000000f3300000)
  from space 29184K, 48% used [0x00000000f3300000,0x00000000f40ea9c0,0x00000000f4f80000)
  to   space 28160K, 0% used [0x00000000f7b80000,0x00000000f7b80000,0x00000000f9700000)
 ParOldGen       total 158208K, used 53786K [0x00000000a0000000, 0x00000000a9a80000, 0x00000000e0000000)
  object space 158208K, 33% used [0x00000000a0000000,0x00000000a3486b30,0x00000000a9a80000)
 Metaspace       used 67035K, capacity 71122K, committed 71296K, reserved 1110016K
  class space    used 9022K, capacity 10105K, committed 10112K, reserved 1048576K
}
Event: 514.683 GC heap before
{Heap before GC invocations=15 (full 3):
 PSYoungGen      total 343552K, used 328618K [0x00000000e0000000, 0x00000000f9700000, 0x0000000100000000)
  eden space 314368K, 100% used [0x00000000e0000000,0x00000000f3300000,0x00000000f3300000)
  from space 29184K, 48% used [0x00000000f3300000,0x00000000f40ea9c0,0x00000000f4f80000)
  to   space 28160K, 0% used [0x00000000f7b80000,0x00000000f7b80000,0x00000000f9700000)
 ParOldGen       total 158208K, used 53786K [0x00000000a0000000, 0x00000000a9a80000, 0x00000000e0000000)
  object space 158208K, 33% used [0x00000000a0000000,0x00000000a3486b30,0x00000000a9a80000)
 Metaspace       used 69024K, capacity 73876K, committed 73984K, reserved 1112064K
  class space    used 9287K, capacity 10483K, committed 10496K, reserved 1048576K
Event: 514.712 GC heap after
Heap after GC invocations=15 (full 3):
 PSYoungGen      total 390144K, used 13204K [0x00000000e0000000, 0x00000000f9780000, 0x0000000100000000)
  eden space 361984K, 0% used [0x00000000e0000000,0x00000000e0000000,0x00000000f6180000)
  from space 28160K, 46% used [0x00000000f7b80000,0x00000000f88653b8,0x00000000f9700000)
  to   space 26624K, 0% used [0x00000000f6180000,0x00000000f6180000,0x00000000f7b80000)
 ParOldGen       total 158208K, used 53794K [0x00000000a0000000, 0x00000000a9a80000, 0x00000000e0000000)
  object space 158208K, 34% used [0x00000000a0000000,0x00000000a3488b30,0x00000000a9a80000)
 Metaspace       used 69024K, capacity 73876K, committed 73984K, reserved 1112064K
  class space    used 9287K, capacity 10483K, committed 10496K, reserved 1048576K
}
Event: 562.055 GC heap before
{Heap before GC invocations=16 (full 3):
 PSYoungGen      total 390144K, used 375188K [0x00000000e0000000, 0x00000000f9780000, 0x0000000100000000)
  eden space 361984K, 100% used [0x00000000e0000000,0x00000000f6180000,0x00000000f6180000)
  from space 28160K, 46% used [0x00000000f7b80000,0x00000000f88653b8,0x00000000f9700000)
  to   space 26624K, 0% used [0x00000000f6180000,0x00000000f6180000,0x00000000f7b80000)
 ParOldGen       total 158208K, used 53794K [0x00000000a0000000, 0x00000000a9a80000, 0x00000000e0000000)
  object space 158208K, 34% used [0x00000000a0000000,0x00000000a3488b30,0x00000000a9a80000)
 Metaspace       used 71592K, capacity 77534K, committed 77824K, reserved 1116160K
  class space    used 9695K, capacity 11185K, committed 11264K, reserved 1048576K
Event: 562.082 GC heap after
Heap after GC invocations=16 (full 3):
 PSYoungGen      total 366080K, used 18125K [0x00000000e0000000, 0x00000000f8880000, 0x0000000100000000)
  eden space 347648K, 0% used [0x00000000e0000000,0x00000000e0000000,0x00000000f5380000)
  from space 18432K, 98% used [0x00000000f6180000,0x00000000f7333488,0x00000000f7380000)
  to   space 21504K, 0% used [0x00000000f7380000,0x00000000f7380000,0x00000000f8880000)
 ParOldGen       total 158208K, used 53802K [0x00000000a0000000, 0x00000000a9a80000, 0x00000000e0000000)
  object space 158208K, 34% used [0x00000000a0000000,0x00000000a348ab30,0x00000000a9a80000)
 Metaspace       used 71592K, capacity 77534K, committed 77824K, reserved 1116160K
  class space    used 9695K, capacity 11185K, committed 11264K, reserved 1048576K
}
Event: 921.447 GC heap before
{Heap before GC invocations=17 (full 3):
 PSYoungGen      total 366080K, used 365773K [0x00000000e0000000, 0x00000000f8880000, 0x0000000100000000)
  eden space 347648K, 100% used [0x00000000e0000000,0x00000000f5380000,0x00000000f5380000)
  from space 18432K, 98% used [0x00000000f6180000,0x00000000f7333488,0x00000000f7380000)
  to   space 21504K, 0% used [0x00000000f7380000,0x00000000f7380000,0x00000000f8880000)
 ParOldGen       total 158208K, used 53802K [0x00000000a0000000, 0x00000000a9a80000, 0x00000000e0000000)
  object space 158208K, 34% used [0x00000000a0000000,0x00000000a348ab30,0x00000000a9a80000)
 Metaspace       used 73240K, capacity 79604K, committed 79744K, reserved 1118208K
  class space    used 9951K, capacity 11562K, committed 11648K, reserved 1048576K
Event: 921.484 GC heap after
Heap after GC invocations=17 (full 3):
 PSYoungGen      total 355840K, used 21491K [0x00000000e0000000, 0x00000000f8880000, 0x0000000100000000)
  eden space 334336K, 0% used [0x00000000e0000000,0x00000000e0000000,0x00000000f4680000)
  from space 21504K, 99% used [0x00000000f7380000,0x00000000f887ce48,0x00000000f8880000)
  to   space 28672K, 0% used [0x00000000f5080000,0x00000000f5080000,0x00000000f6c80000)
 ParOldGen       total 158208K, used 54201K [0x00000000a0000000, 0x00000000a9a80000, 0x00000000e0000000)
  object space 158208K, 34% used [0x00000000a0000000,0x00000000a34ee7e0,0x00000000a9a80000)
 Metaspace       used 73240K, capacity 79604K, committed 79744K, reserved 1118208K
  class space    used 9951K, capacity 11562K, committed 11648K, reserved 1048576K
}

