# JRE version: OpenJDK Runtime Environment (8.0_152-b01) (build 1.8.0_152-release-915-b01)
# Java VM: OpenJDK 64-Bit Server VM (25.152-b01 mixed mode windows-amd64 compressed oops)
Heap:
 PSYoungGen      total 438784K, used 142078K [0x00000000e0000000, 0x0000000100000000, 0x0000000100000000)
  eden space 386560K, 36% used [0x00000000e0000000,0x00000000e8abfa48,0x00000000f7980000)
  from space 52224K, 0% used [0x00000000f7980000,0x00000000f7980000,0x00000000fac80000)
  to   space 54272K, 0% used [0x00000000fcb00000,0x00000000fcb00000,0x0000000100000000)
 ParOldGen       total 126464K, used 70860K [0x00000000a0000000, 0x00000000a7b80000, 0x00000000e0000000)
  object space 126464K, 56% used [0x00000000a0000000,0x00000000a4533320,0x00000000a7b80000)
 Metaspace       used 92400K, capacity 99120K, committed 99840K, reserved 1136640K
  class space    used 11877K, capacity 13393K, committed 13568K, reserved 1048576K
GC Heap History (10 events):
Event: 707.430 GC heap before
{Heap before GC invocations=23 (full 3):
 PSYoungGen      total 462848K, used 423857K [0x00000000e0000000, 0x0000000100000000, 0x0000000100000000)
  eden space 401408K, 100% used [0x00000000e0000000,0x00000000f8800000,0x00000000f8800000)
  from space 61440K, 36% used [0x00000000f8800000,0x00000000f9dec608,0x00000000fc400000)
  to   space 58880K, 0% used [0x00000000fc680000,0x00000000fc680000,0x0000000100000000)
 ParOldGen       total 126464K, used 99476K [0x00000000a0000000, 0x00000000a7b80000, 0x00000000e0000000)
  object space 126464K, 78% used [0x00000000a0000000,0x00000000a6125000,0x00000000a7b80000)
 Metaspace       used 80704K, capacity 85232K, committed 85376K, reserved 1124352K
  class space    used 10310K, capacity 11346K, committed 11392K, reserved 1048576K
Event: 707.460 GC heap after
Heap after GC invocations=23 (full 3):
 PSYoungGen      total 456192K, used 19064K [0x00000000e0000000, 0x00000000ff980000, 0x0000000100000000)
  eden space 403968K, 0% used [0x00000000e0000000,0x00000000e0000000,0x00000000f8a80000)
  from space 52224K, 36% used [0x00000000fc680000,0x00000000fd91e0c8,0x00000000ff980000)
  to   space 56832K, 0% used [0x00000000f8a80000,0x00000000f8a80000,0x00000000fc200000)
 ParOldGen       total 126464K, used 99484K [0x00000000a0000000, 0x00000000a7b80000, 0x00000000e0000000)
  object space 126464K, 78% used [0x00000000a0000000,0x00000000a6127000,0x00000000a7b80000)
 Metaspace       used 80704K, capacity 85232K, committed 85376K, reserved 1124352K
  class space    used 10310K, capacity 11346K, committed 11392K, reserved 1048576K
}
Event: 922.741 GC heap before
{Heap before GC invocations=24 (full 3):
 PSYoungGen      total 456192K, used 423032K [0x00000000e0000000, 0x00000000ff980000, 0x0000000100000000)
  eden space 403968K, 100% used [0x00000000e0000000,0x00000000f8a80000,0x00000000f8a80000)
  from space 52224K, 36% used [0x00000000fc680000,0x00000000fd91e0c8,0x00000000ff980000)
  to   space 56832K, 0% used [0x00000000f8a80000,0x00000000f8a80000,0x00000000fc200000)
 ParOldGen       total 126464K, used 99484K [0x00000000a0000000, 0x00000000a7b80000, 0x00000000e0000000)
  object space 126464K, 78% used [0x00000000a0000000,0x00000000a6127000,0x00000000a7b80000)
 Metaspace       used 81755K, capacity 86894K, committed 87168K, reserved 1124352K
  class space    used 10415K, capacity 11595K, committed 11648K, reserved 1048576K
Event: 922.768 GC heap after
Heap after GC invocations=24 (full 3):
 PSYoungGen      total 460800K, used 19806K [0x00000000e0000000, 0x0000000100000000, 0x0000000100000000)
  eden space 403968K, 0% used [0x00000000e0000000,0x00000000e0000000,0x00000000f8a80000)
  from space 56832K, 34% used [0x00000000f8a80000,0x00000000f9dd7840,0x00000000fc200000)
  to   space 54784K, 0% used [0x00000000fca80000,0x00000000fca80000,0x0000000100000000)
 ParOldGen       total 126464K, used 99492K [0x00000000a0000000, 0x00000000a7b80000, 0x00000000e0000000)
  object space 126464K, 78% used [0x00000000a0000000,0x00000000a6129000,0x00000000a7b80000)
 Metaspace       used 81755K, capacity 86894K, committed 87168K, reserved 1124352K
  class space    used 10415K, capacity 11595K, committed 11648K, reserved 1048576K
}
Event: 2039.365 GC heap before
{Heap before GC invocations=25 (full 3):
 PSYoungGen      total 460800K, used 423774K [0x00000000e0000000, 0x0000000100000000, 0x0000000100000000)
  eden space 403968K, 100% used [0x00000000e0000000,0x00000000f8a80000,0x00000000f8a80000)
  from space 56832K, 34% used [0x00000000f8a80000,0x00000000f9dd7840,0x00000000fc200000)
  to   space 54784K, 0% used [0x00000000fca80000,0x00000000fca80000,0x0000000100000000)
 ParOldGen       total 126464K, used 99492K [0x00000000a0000000, 0x00000000a7b80000, 0x00000000e0000000)
  object space 126464K, 78% used [0x00000000a0000000,0x00000000a6129000,0x00000000a7b80000)
 Metaspace       used 82818K, capacity 88914K, committed 89088K, reserved 1126400K
  class space    used 10564K, capacity 11933K, committed 12032K, reserved 1048576K
Event: 2039.414 GC heap after
Heap after GC invocations=25 (full 3):
 PSYoungGen      total 408064K, used 21023K [0x00000000e0000000, 0x00000000fdf80000, 0x0000000100000000)
  eden space 386560K, 0% used [0x00000000e0000000,0x00000000e0000000,0x00000000f7980000)
  from space 21504K, 97% used [0x00000000fca80000,0x00000000fdf07c28,0x00000000fdf80000)
  to   space 52224K, 0% used [0x00000000f7980000,0x00000000f7980000,0x00000000fac80000)
 ParOldGen       total 126464K, used 99500K [0x00000000a0000000, 0x00000000a7b80000, 0x00000000e0000000)
  object space 126464K, 78% used [0x00000000a0000000,0x00000000a612b000,0x00000000a7b80000)
 Metaspace       used 82818K, capacity 88914K, committed 89088K, reserved 1126400K
  class space    used 10564K, capacity 11933K, committed 12032K, reserved 1048576K
}
Event: 2045.364 GC heap before
{Heap before GC invocations=26 (full 3):
 PSYoungGen      total 408064K, used 214435K [0x00000000e0000000, 0x00000000fdf80000, 0x0000000100000000)
  eden space 386560K, 50% used [0x00000000e0000000,0x00000000ebce1000,0x00000000f7980000)
  from space 21504K, 97% used [0x00000000fca80000,0x00000000fdf07c28,0x00000000fdf80000)
  to   space 52224K, 0% used [0x00000000f7980000,0x00000000f7980000,0x00000000fac80000)
 ParOldGen       total 126464K, used 99500K [0x00000000a0000000, 0x00000000a7b80000, 0x00000000e0000000)
  object space 126464K, 78% used [0x00000000a0000000,0x00000000a612b000,0x00000000a7b80000)
 Metaspace       used 91535K, capacity 98318K, committed 98380K, reserved 1134592K
  class space    used 11730K, capacity 13274K, committed 13312K, reserved 1048576K
Event: 2045.523 GC heap after
Heap after GC invocations=26 (full 3):
 PSYoungGen      total 438784K, used 36949K [0x00000000e0000000, 0x0000000100000000, 0x0000000100000000)
  eden space 386560K, 0% used [0x00000000e0000000,0x00000000e0000000,0x00000000f7980000)
  from space 52224K, 70% used [0x00000000f7980000,0x00000000f9d95670,0x00000000fac80000)
  to   space 54272K, 0% used [0x00000000fcb00000,0x00000000fcb00000,0x0000000100000000)
 ParOldGen       total 126464K, used 99500K [0x00000000a0000000, 0x00000000a7b80000, 0x00000000e0000000)
  object space 126464K, 78% used [0x00000000a0000000,0x00000000a612b000,0x00000000a7b80000)
 Metaspace       used 91535K, capacity 98318K, committed 98380K, reserved 1134592K
  class space    used 11730K, capacity 13274K, committed 13312K, reserved 1048576K
}
Event: 2045.523 GC heap before
{Heap before GC invocations=27 (full 4):
 PSYoungGen      total 438784K, used 36949K [0x00000000e0000000, 0x0000000100000000, 0x0000000100000000)
  eden space 386560K, 0% used [0x00000000e0000000,0x00000000e0000000,0x00000000f7980000)
  from space 52224K, 70% used [0x00000000f7980000,0x00000000f9d95670,0x00000000fac80000)
  to   space 54272K, 0% used [0x00000000fcb00000,0x00000000fcb00000,0x0000000100000000)
 ParOldGen       total 126464K, used 99500K [0x00000000a0000000, 0x00000000a7b80000, 0x00000000e0000000)
  object space 126464K, 78% used [0x00000000a0000000,0x00000000a612b000,0x00000000a7b80000)
 Metaspace       used 91535K, capacity 98318K, committed 98380K, reserved 1134592K
  class space    used 11730K, capacity 13274K, committed 13312K, reserved 1048576K
Event: 2046.574 GC heap after
Heap after GC invocations=27 (full 4):
 PSYoungGen      total 438784K, used 0K [0x00000000e0000000, 0x0000000100000000, 0x0000000100000000)
  eden space 386560K, 0% used [0x00000000e0000000,0x00000000e0000000,0x00000000f7980000)
  from space 52224K, 0% used [0x00000000f7980000,0x00000000f7980000,0x00000000fac80000)
  to   space 54272K, 0% used [0x00000000fcb00000,0x00000000fcb00000,0x0000000100000000)
 ParOldGen       total 126464K, used 70860K [0x00000000a0000000, 0x00000000a7b80000, 0x00000000e0000000)
  object space 126464K, 56% used [0x00000000a0000000,0x00000000a4533320,0x00000000a7b80000)
 Metaspace       used 90794K, capacity 96980K, committed 98380K, reserved 1134592K
  class space    used 11585K, capacity 13015K, committed 13312K, reserved 1048576K
}

